[2022-02-08T09:50:57,033][DEBUG][o.e.a.s.TransportSearchAction] [n1] [n0p7hwczScmtft0iE5MDCw][test-2022.01.02.09-0][0]: Failed to execute [SearchRequest{searchType=QUERY_THEN_FETCH, indices=[test-2021.11.*, test-2021.12.*, test-2022.01.*, test-2022.02.01*, test-2022.02.02*, test-2022.02.03*, test-2022.02.04*, test-2022.02.05*, test-2022.02.06*, test-2022.02.07*, test-2022.02.08*], indicesOptions=IndicesOptions[ignore_unavailable=false, allow_no_indices=true, expand_wildcards_open=true, expand_wildcards_closed=false, expand_wildcards_hidden=false, allow_aliases_to_multiple_indices=true, forbid_closed_indices=true, ignore_aliases=false, ignore_throttled=true], types=[], routing='null', preference='null', requestCache=null, scroll=null, maxConcurrentShardRequests=0, batchedReduceSize=512, preFilterShardSize=null, allowPartialSearchResults=true, localClusterAlias=null, getOrCreateAbsoluteStartMillis=-1, ccsMinimizeRoundtrips=true, enableFieldsEmulation=false, source={"size":0,"query":{"bool":{"must":[{"query_string":{"query":"+lpos:[0 TO 9999999999999] +ts:[1635724800000 TO 1644364799000]","fields":[],"type":"best_fields","default_operator":"or","max_determinized_states":10000,"enable_position_increments":true,"fuzziness":"AUTO","fuzzy_prefix_length":0,"fuzzy_max_expansions":50,"phrase_slop":0,"escape":false,"auto_generate_synonyms_phrase_query":true,"fuzzy_transpositions":true,"boost":1.0}}],"adjust_pure_negative":true,"boost":1.0}},"aggregations":{"aggrsNameName":{"terms":{"field":"dst_ip.keyword","size":10000,"min_doc_count":1,"shard_min_doc_count":0,"show_term_doc_count_error":false,"order":[{"_count":"desc"},{"_key":"asc"}]}}}}}] lastShard [true]
org.elasticsearch.transport.RemoteTransportException: [n4][192.168.1.80:9300][indices:data/read/search[phase/query]]
Caused by: org.elasticsearch.search.query.QueryPhaseExecutionException: Query Failed [Failed to execute main query]
        at org.elasticsearch.search.query.QueryPhase.executeInternal(QueryPhase.java:228) ~[elasticsearch-7.16.2.jar:7.16.2]
        at org.elasticsearch.search.query.QueryPhase.execute(QueryPhase.java:98) ~[elasticsearch-7.16.2.jar:7.16.2]
        at org.elasticsearch.indices.IndicesService.lambda$loadIntoContext$26(IndicesService.java:1522) ~[elasticsearch-7.16.2.jar:7.16.2]
        at org.elasticsearch.indices.IndicesService.lambda$cacheShardLevelResult$27(IndicesService.java:1588) ~[elasticsearch-7.16.2.jar:7.16.2]
        at org.elasticsearch.indices.IndicesRequestCache$Loader.load(IndicesRequestCache.java:178) ~[elasticsearch-7.16.2.jar:7.16.2]
        at org.elasticsearch.indices.IndicesRequestCache$Loader.load(IndicesRequestCache.java:161) ~[elasticsearch-7.16.2.jar:7.16.2]
        at org.elasticsearch.common.cache.Cache.computeIfAbsent(Cache.java:419) ~[elasticsearch-7.16.2.jar:7.16.2]
        at org.elasticsearch.indices.IndicesRequestCache.getOrCompute(IndicesRequestCache.java:124) ~[elasticsearch-7.16.2.jar:7.16.2]
        at org.elasticsearch.indices.IndicesService.cacheShardLevelResult(IndicesService.java:1594) ~[elasticsearch-7.16.2.jar:7.16.2]
        at org.elasticsearch.indices.IndicesService.loadIntoContext(IndicesService.java:1516) ~[elasticsearch-7.16.2.jar:7.16.2]
        at org.elasticsearch.search.SearchService.loadOrExecuteQueryPhase(SearchService.java:456) ~[elasticsearch-7.16.2.jar:7.16.2]
        at org.elasticsearch.search.SearchService.executeQueryPhase(SearchService.java:622) ~[elasticsearch-7.16.2.jar:7.16.2]
        at org.elasticsearch.search.SearchService.lambda$executeQueryPhase$2(SearchService.java:483) ~[elasticsearch-7.16.2.jar:7.16.2]
        at org.elasticsearch.action.ActionRunnable.lambda$supply$0(ActionRunnable.java:47) ~[elasticsearch-7.16.2.jar:7.16.2]
        at org.elasticsearch.action.ActionRunnable$2.doRun(ActionRunnable.java:62) ~[elasticsearch-7.16.2.jar:7.16.2]
        at org.elasticsearch.common.util.concurrent.AbstractRunnable.run(AbstractRunnable.java:26) ~[elasticsearch-7.16.2.jar:7.16.2]
        at org.elasticsearch.common.util.concurrent.TimedRunnable.doRun(TimedRunnable.java:33) ~[elasticsearch-7.16.2.jar:7.16.2]
        at org.elasticsearch.common.util.concurrent.ThreadContext$ContextPreservingAbstractRunnable.doRun(ThreadContext.java:777) ~[elasticsearch-7.16.2.jar:7.16.2]
        at org.elasticsearch.common.util.concurrent.AbstractRunnable.run(AbstractRunnable.java:26) ~[elasticsearch-7.16.2.jar:7.16.2]
        at java.util.concurrent.ThreadPoolExecutor.runWorker(ThreadPoolExecutor.java:1136) ~[?:?]
        at java.util.concurrent.ThreadPoolExecutor$Worker.run(ThreadPoolExecutor.java:635) ~[?:?]
        at java.lang.Thread.run(Thread.java:833) [?:?]
Caused by: org.elasticsearch.tasks.TaskCancelledException: task cancelled [http channel [Netty4HttpChannel{localAddress=/192.168.1.74:9200, remoteAddress=/192.168.1.46:59226}] closed]
        at org.elasticsearch.tasks.CancellableTask.getTaskCancelledException(CancellableTask.java:104) ~[elasticsearch-7.16.2.jar:7.16.2]
        at org.elasticsearch.tasks.CancellableTask.ensureNotCancelled(CancellableTask.java:80) ~[elasticsearch-7.16.2.jar:7.16.2]
        at org.elasticsearch.search.DefaultSearchContext.lambda$preProcess$0(DefaultSearchContext.java:275) ~[elasticsearch-7.16.2.jar:7.16.2]
        at org.elasticsearch.search.internal.ContextIndexSearcher$MutableQueryTimeout.checkCancelled(ContextIndexSearcher.java:342) ~[elasticsearch-7.16.2.jar:7.16.2]
        at org.elasticsearch.search.internal.ContextIndexSearcher.searchLeaf(ContextIndexSearcher.java:178) ~[elasticsearch-7.16.2.jar:7.16.2]
        at org.elasticsearch.search.internal.ContextIndexSearcher.search(ContextIndexSearcher.java:167) ~[elasticsearch-7.16.2.jar:7.16.2]
        at org.apache.lucene.search.IndexSearcher.search(IndexSearcher.java:443) ~[lucene-core-8.10.1.jar:8.10.1 2f24e6a49d48a032df1f12e146612f59141727a9 - mayyasharipova - 2021-10-12 15:13:05]
        at org.elasticsearch.search.query.QueryPhase.searchWithCollector(QueryPhase.java:255) ~[elasticsearch-7.16.2.jar:7.16.2]
        at org.elasticsearch.search.query.QueryPhase.executeInternal(QueryPhase.java:212) ~[elasticsearch-7.16.2.jar:7.16.2]
        at org.elasticsearch.search.query.QueryPhase.execute(QueryPhase.java:98) ~[elasticsearch-7.16.2.jar:7.16.2]
        at org.elasticsearch.indices.IndicesService.lambda$loadIntoContext$26(IndicesService.java:1522) ~[elasticsearch-7.16.2.jar:7.16.2]
        at org.elasticsearch.indices.IndicesService.lambda$cacheShardLevelResult$27(IndicesService.java:1588) ~[elasticsearch-7.16.2.jar:7.16.2]
        at org.elasticsearch.indices.IndicesRequestCache$Loader.load(IndicesRequestCache.java:178) ~[elasticsearch-7.16.2.jar:7.16.2]
        at org.elasticsearch.indices.IndicesRequestCache$Loader.load(IndicesRequestCache.java:161) ~[elasticsearch-7.16.2.jar:7.16.2]
        at org.elasticsearch.common.cache.Cache.computeIfAbsent(Cache.java:419) ~[elasticsearch-7.16.2.jar:7.16.2]
        at org.elasticsearch.indices.IndicesRequestCache.getOrCompute(IndicesRequestCache.java:124) ~[elasticsearch-7.16.2.jar:7.16.2]
        at org.elasticsearch.indices.IndicesService.cacheShardLevelResult(IndicesService.java:1594) ~[elasticsearch-7.16.2.jar:7.16.2]
        at org.elasticsearch.indices.IndicesService.loadIntoContext(IndicesService.java:1516) ~[elasticsearch-7.16.2.jar:7.16.2]
        at org.elasticsearch.search.SearchService.loadOrExecuteQueryPhase(SearchService.java:456) ~[elasticsearch-7.16.2.jar:7.16.2]
        at org.elasticsearch.search.SearchService.executeQueryPhase(SearchService.java:622) ~[elasticsearch-7.16.2.jar:7.16.2]
        at org.elasticsearch.search.SearchService.lambda$executeQueryPhase$2(SearchService.java:483) ~[elasticsearch-7.16.2.jar:7.16.2]
        at org.elasticsearch.action.ActionRunnable.lambda$supply$0(ActionRunnable.java:47) ~[elasticsearch-7.16.2.jar:7.16.2]
        at org.elasticsearch.action.ActionRunnable$2.doRun(ActionRunnable.java:62) ~[elasticsearch-7.16.2.jar:7.16.2]
        at org.elasticsearch.common.util.concurrent.AbstractRunnable.run(AbstractRunnable.java:26) ~[elasticsearch-7.16.2.jar:7.16.2]
        at org.elasticsearch.common.util.concurrent.TimedRunnable.doRun(TimedRunnable.java:33) ~[elasticsearch-7.16.2.jar:7.16.2]
        at org.elasticsearch.common.util.concurrent.ThreadContext$ContextPreservingAbstractRunnable.doRun(ThreadContext.java:777) ~[elasticsearch-7.16.2.jar:7.16.2]
        at org.elasticsearch.common.util.concurrent.AbstractRunnable.run(AbstractRunnable.java:26) ~[elasticsearch-7.16.2.jar:7.16.2]
        at java.util.concurrent.ThreadPoolExecutor.runWorker(ThreadPoolExecutor.java:1136) ~[?:?]
        at java.util.concurrent.ThreadPoolExecutor$Worker.run(ThreadPoolExecutor.java:635) ~[?:?]
        at java.lang.Thread.run(Thread.java:833) ~[?:?]
